13:35:59.531 skipping bootstrap configuration: could not find or read file: classpath:karate-config.js
13:36:00.088 request:
1 > GET https://gorest.co.in/public-api/users?first_name=john
1 > Accept-Encoding: gzip,deflate
1 > Authorization: Bearer vymTXK9cDHiVxwVgdRcPn3UoDreZ5a-x5ZgR
1 > Connection: Keep-Alive
1 > Host: gorest.co.in
1 > User-Agent: Apache-HttpClient/4.5.11 (Java/1.8.0_251)

13:36:03.799 response time in milliseconds: 3705.23
1 < 200
1 < Connection: keep-alive
1 < Content-Type: application/json; charset=UTF-8
1 < Date: Thu, 11 Jun 2020 12:36:03 GMT
1 < Link: <https://gorest.co.in/public-api/users?first_name=john&page=1>; rel=self
1 < Server: nginx
1 < Set-Cookie: _csrf=3fa14874feee586084aa1bf9683baeb2b9842abf874e1cec6fc3b07aa875e6caa%3A2%3A%7Bi%3A0%3Bs%3A5%3A%22_csrf%22%3Bi%3A1%3Bs%3A32%3A%22V0YdwFtES2cZ8LNidcWY1Y8A4HJbB2TK%22%3B%7D; path=/; HttpOnly
1 < Transfer-Encoding: chunked
1 < Vary: [Accept-Encoding, Accept]
1 < X-Frame-Options: sameorigin
1 < X-Pagination-Current-Page: 1
1 < X-Pagination-Page-Count: 1
1 < X-Pagination-Per-Page: 20
1 < X-Pagination-Total-Count: 2
1 < X-Rate-Limit-Limit: 30
1 < X-Rate-Limit-Remaining: 29
1 < X-Rate-Limit-Reset: 2
{"_meta":{"success":true,"code":200,"message":"OK. Everything worked as expected.","totalCount":2,"pageCount":1,"currentPage":1,"perPage":20,"rateLimit":{"limit":30,"remaining":29,"reset":2}},"result":[{"id":"29222","first_name":"Johnnie","last_name":"Williamson","gender":"male","dob":"1947-07-29","email":"tcummings@example.org","phone":"528.224.8355 x56333","website":"https://roberts.com/est-sint-non-temporibus-delectus-esse-totam-dolor.html","address":"9887 Furman Crescent Suite 222\nDickinsonfurt, KS 04599","status":"inactive","_links":{"self":{"href":"https://gorest.co.in/public-api/users/29222"},"edit":{"href":"https://gorest.co.in/public-api/users/29222"},"avatar":{"href":"https://lorempixel.com/250/250/people/?69123"}}},{"id":"30476","first_name":"Johnson","last_name":"Hettinger","gender":"male","dob":"1942-12-17","email":"maye.olson@example.net","phone":"(532) 240-5733","website":"http://oconner.com/consequatur-natus-fugiat-rerum-quidem","address":"95161 Zelda Ridges Suite 914\nWunschchester, MT 77804","status":"inactive","_links":{"self":{"href":"https://gorest.co.in/public-api/users/30476"},"edit":{"href":"https://gorest.co.in/public-api/users/30476"},"avatar":{"href":"https://lorempixel.com/250/250/people/?62396"}}}]}

13:31:30.049 [print] response----- {
  "result": [
    {
      "website": "https://roberts.com/est-sint-non-temporibus-delectus-esse-totam-dolor.html",
      "address": "9887 Furman Crescent Suite 222\nDickinsonfurt, KS 04599",
      "gender": "male",
      "phone": "528.224.8355 x56333",
      "_links": {
        "edit": {
          "href": "https://gorest.co.in/public-api/users/29222"
        },
        "self": {
          "href": "https://gorest.co.in/public-api/users/29222"
        },
        "avatar": {
          "href": "https://lorempixel.com/250/250/people/?69123"
        }
      },
      "dob": "1947-07-29",
      "last_name": "Williamson",
      "id": "29222",
      "first_name": "Johnnie",
      "email": "tcummings@example.org",
      "status": "inactive"
    },
    {
      "website": "http://oconner.com/consequatur-natus-fugiat-rerum-quidem",
      "address": "95161 Zelda Ridges Suite 914\nWunschchester, MT 77804",
      "gender": "male",
      "phone": "(532) 240-5733",
      "_links": {
        "edit": {
          "href": "https://gorest.co.in/public-api/users/30476"
        },
        "self": {
          "href": "https://gorest.co.in/public-api/users/30476"
        },
        "avatar": {
          "href": "https://lorempixel.com/250/250/people/?62396"
        }
      },
      "dob": "1942-12-17",
      "last_name": "Hettinger",
      "id": "30476",
      "first_name": "Johnson",
      "email": "maye.olson@example.net",
      "status": "inactive"
    }
  ],
  "_meta": {
    "pageCount": 1,
    "code": 200,
    "perPage": 20,
    "rateLimit": {
      "limit": 30,
      "reset": 2,
      "remaining": 29
    },
    "success": true,
    "message": "OK. Everything worked as expected.",
    "totalCount": 2,
    "currentPage": 1
  }
}

13:31:30.056 [print] name--- Deepak
